<?xml version="1.0" encoding="UTF-8"?>
<testsuite xmlns:xsi="http://www.w3.org/2001/XMLSchema-instance" xsi:noNamespaceSchemaLocation="https://maven.apache.org/surefire/maven-surefire-plugin/xsd/surefire-test-report.xsd" name="com.hackerrank.weather.WeatherApiRestControllerTest" time="8.369" tests="6" errors="0" skipped="0" failures="1">
  <properties>
[...]
</properties>
  <testcase name="testWeatherEndpointWithPOST" classname="com.hackerrank.weather.WeatherApiRestControllerTest" time="1.333"/>
  <testcase name="testWeatherEndpointWithGETListAndCityFilter" classname="com.hackerrank.weather.WeatherApiRestControllerTest" time="1.062">
    <failure message="JSON path &quot;$.*&quot;&#10;Expected: a collection with size &lt;2&gt;&#10;     but: collection size was &lt;0&gt;" type="java.lang.AssertionError"><![CDATA[java.lang.AssertionError: 
JSON path "$.*"
Expected: a collection with size <2>
     but: collection size was <0>
	at com.hackerrank.weather.WeatherApiRestControllerTest.testWeatherEndpointWithGETListAndCityFilter(WeatherApiRestControllerTest.java:142)
]]></failure>
    <system-out><![CDATA[2022-10-01 13:01:02.741  INFO 17932 --- [           main] o.s.s.concurrent.ThreadPoolTaskExecutor  : Shutting down ExecutorService 'applicationTaskExecutor'
2022-10-01 13:01:02.742  INFO 17932 --- [           main] j.LocalContainerEntityManagerFactoryBean : Closing JPA EntityManagerFactory for persistence unit 'default'
2022-10-01 13:01:02.744  INFO 17932 --- [           main] .SchemaDropperImpl$DelayedDropActionImpl : HHH000477: Starting delayed evictData of schema as part of SessionFactory shut-down'
2022-10-01 13:01:02.745 ERROR 17932 --- [           main] .SchemaDropperImpl$DelayedDropActionImpl : HHH000478: Unsuccessful: drop table weather if exists
2022-10-01 13:01:02.748  INFO 17932 --- [           main] com.zaxxer.hikari.HikariDataSource       : HikariPool-2 - Shutdown initiated...
2022-10-01 13:01:02.751  INFO 17932 --- [           main] com.zaxxer.hikari.HikariDataSource       : HikariPool-2 - Shutdown completed.

  .   ____          _            __ _ _
 /\\ / ___'_ __ _ _(_)_ __  __ _ \ \ \ \
( ( )\___ | '_ | '_| | '_ \/ _` | \ \ \ \
 \\/  ___)| |_)| | | | | || (_| |  ) ) ) )
  '  |____| .__|_| |_|_| |_\__, | / / / /
 =========|_|==============|___/=/_/_/_/
 :: Spring Boot ::        (v2.2.1.RELEASE)

2022-10-01 13:01:02.795  INFO 17932 --- [           main] c.h.w.WeatherApiRestControllerTest       : Starting WeatherApiRestControllerTest on LAPTOP-2LA4R9QI with PID 17932 (started by pc in C:\Users\pc\OneDrive - Hanoi University of Science and Technology\Desktop\WeatherAPI)
2022-10-01 13:01:02.796  INFO 17932 --- [           main] c.h.w.WeatherApiRestControllerTest       : No active profile set, falling back to default profiles: default
2022-10-01 13:01:02.925  INFO 17932 --- [           main] .s.d.r.c.RepositoryConfigurationDelegate : Bootstrapping Spring Data repositories in DEFAULT mode.
2022-10-01 13:01:02.935  INFO 17932 --- [           main] .s.d.r.c.RepositoryConfigurationDelegate : Finished Spring Data repository scanning in 9ms. Found 1 repository interfaces.
2022-10-01 13:01:02.982  INFO 17932 --- [           main] trationDelegate$BeanPostProcessorChecker : Bean 'org.springframework.transaction.annotation.ProxyTransactionManagementConfiguration' of type [org.springframework.transaction.annotation.ProxyTransactionManagementConfiguration] is not eligible for getting processed by all BeanPostProcessors (for example: not eligible for auto-proxying)
2022-10-01 13:01:03.024  INFO 17932 --- [           main] com.zaxxer.hikari.HikariDataSource       : HikariPool-3 - Starting...
2022-10-01 13:01:03.025  INFO 17932 --- [           main] com.zaxxer.hikari.HikariDataSource       : HikariPool-3 - Start completed.
2022-10-01 13:01:03.036  INFO 17932 --- [           main] o.hibernate.jpa.internal.util.LogHelper  : HHH000204: Processing PersistenceUnitInfo [name: default]
2022-10-01 13:01:03.043  INFO 17932 --- [           main] org.hibernate.dialect.Dialect            : HHH000400: Using dialect: org.hibernate.dialect.H2Dialect
2022-10-01 13:01:03.096  INFO 17932 --- [           main] o.h.e.t.j.p.i.JtaPlatformInitiator       : HHH000490: Using JtaPlatform implementation: [org.hibernate.engine.transaction.jta.platform.internal.NoJtaPlatform]
2022-10-01 13:01:03.097  INFO 17932 --- [           main] j.LocalContainerEntityManagerFactoryBean : Initialized JPA EntityManagerFactory for persistence unit 'default'
2022-10-01 13:01:03.267  WARN 17932 --- [           main] JpaBaseConfiguration$JpaWebConfiguration : spring.jpa.open-in-view is enabled by default. Therefore, database queries may be performed during view rendering. Explicitly configure spring.jpa.open-in-view to disable this warning
2022-10-01 13:01:03.345  INFO 17932 --- [           main] o.s.s.concurrent.ThreadPoolTaskExecutor  : Initializing ExecutorService 'applicationTaskExecutor'
2022-10-01 13:01:03.608  INFO 17932 --- [           main] o.s.b.t.m.w.SpringBootMockServletContext : Initializing Spring TestDispatcherServlet ''
2022-10-01 13:01:03.609  INFO 17932 --- [           main] o.s.t.web.servlet.TestDispatcherServlet  : Initializing Servlet ''
2022-10-01 13:01:03.616  INFO 17932 --- [           main] o.s.t.web.servlet.TestDispatcherServlet  : Completed initialization in 7 ms
2022-10-01 13:01:03.623  INFO 17932 --- [           main] c.h.w.WeatherApiRestControllerTest       : Started WeatherApiRestControllerTest in 0.868 seconds (JVM running for 6.45)

MockHttpServletRequest:
      HTTP Method = POST
      Request URI = /weather
       Parameters = {}
          Headers = [Content-Type:"application/json;charset=UTF-8"]
             Body = {"id":null,"date":"2019-06-11","lat":41.8818,"lon":-87.6231,"city":"Chicago","state":"Illinois","temperatures":[24.0,21.5,24.0,19.5,25.5,25.5,24.0,25.0,23.0,22.0,18.0,18.0,23.5,23.0,23.0,25.5,21.0,20.5,20.0,18.5,20.5,21.0,25.0,20.5]}
    Session Attrs = {}

Handler:
             Type = com.hackerrank.weather.controller.WeatherApiRestController
           Method = com.hackerrank.weather.controller.WeatherApiRestController#insertWeather(Weather)

Async:
    Async started = false
     Async result = null

Resolved Exception:
             Type = null

ModelAndView:
        View name = null
             View = null
            Model = null

FlashMap:
       Attributes = null

MockHttpServletResponse:
           Status = 201
    Error message = null
          Headers = [Content-Type:"application/json"]
     Content type = application/json
             Body = {"id":1,"date":"2019-06-11T00:00:00.000+0000","lat":41.8818,"lon":-87.6231,"city":"Chicago","state":"Illinois","temperatures":[24.0,21.5,24.0,19.5,25.5,25.5,24.0,25.0,23.0,22.0,18.0,18.0,23.5,23.0,23.0,25.5,21.0,20.5,20.0,18.5,20.5,21.0,25.0,20.5]}
    Forwarded URL = null
   Redirected URL = null
          Cookies = []

MockHttpServletRequest:
      HTTP Method = POST
      Request URI = /weather
       Parameters = {}
          Headers = [Content-Type:"application/json;charset=UTF-8"]
             Body = {"id":null,"date":"2019-06-12","lat":37.8043,"lon":-122.2711,"city":"Oakland","state":"California","temperatures":[24.0,36.0,28.5,29.0,32.0,36.0,28.5,34.5,30.5,31.5,29.5,27.0,30.5,23.5,29.0,22.0,28.5,32.5,24.5,28.5,22.5,35.0,26.5,32.5]}
    Session Attrs = {}

Handler:
             Type = com.hackerrank.weather.controller.WeatherApiRestController
           Method = com.hackerrank.weather.controller.WeatherApiRestController#insertWeather(Weather)

Async:
    Async started = false
     Async result = null

Resolved Exception:
             Type = null

ModelAndView:
        View name = null
             View = null
            Model = null

FlashMap:
       Attributes = null

MockHttpServletResponse:
           Status = 201
    Error message = null
          Headers = [Content-Type:"application/json"]
     Content type = application/json
             Body = {"id":2,"date":"2019-06-12T00:00:00.000+0000","lat":37.8043,"lon":-122.2711,"city":"Oakland","state":"California","temperatures":[24.0,36.0,28.5,29.0,32.0,36.0,28.5,34.5,30.5,31.5,29.5,27.0,30.5,23.5,29.0,22.0,28.5,32.5,24.5,28.5,22.5,35.0,26.5,32.5]}
    Forwarded URL = null
   Redirected URL = null
          Cookies = []

MockHttpServletRequest:
      HTTP Method = POST
      Request URI = /weather
       Parameters = {}
          Headers = [Content-Type:"application/json;charset=UTF-8"]
             Body = {"id":null,"date":"2019-03-12","lat":51.5098,"lon":-0.118,"city":"London","state":"N/A","temperatures":[11.0,11.0,5.5,7.0,5.0,5.5,6.0,9.5,11.5,5.0,6.0,8.0,9.5,5.0,9.0,9.5,12.0,6.0,9.5,8.5,8.0,8.0,9.0,6.5]}
    Session Attrs = {}

Handler:
             Type = com.hackerrank.weather.controller.WeatherApiRestController
           Method = com.hackerrank.weather.controller.WeatherApiRestController#insertWeather(Weather)

Async:
    Async started = false
     Async result = null

Resolved Exception:
             Type = null

ModelAndView:
        View name = null
             View = null
            Model = null

FlashMap:
       Attributes = null

MockHttpServletResponse:
           Status = 201
    Error message = null
          Headers = [Content-Type:"application/json"]
     Content type = application/json
             Body = {"id":3,"date":"2019-03-12T00:00:00.000+0000","lat":51.5098,"lon":-0.118,"city":"London","state":"N/A","temperatures":[11.0,11.0,5.5,7.0,5.0,5.5,6.0,9.5,11.5,5.0,6.0,8.0,9.5,5.0,9.0,9.5,12.0,6.0,9.5,8.5,8.0,8.0,9.0,6.5]}
    Forwarded URL = null
   Redirected URL = null
          Cookies = []

MockHttpServletRequest:
      HTTP Method = POST
      Request URI = /weather
       Parameters = {}
          Headers = [Content-Type:"application/json;charset=UTF-8"]
             Body = {"id":null,"date":"2019-03-12","lat":55.7512,"lon":37.6184,"city":"Moscow","state":"N/A","temperatures":[-2.0,-4.5,1.0,-6.0,1.0,1.5,-9.0,-2.5,-3.0,-0.5,-13.5,-9.0,-11.5,-5.5,-5.5,-3.5,-14.0,-9.5,1.5,-15.0,-6.5,-7.0,-13.5,-14.5]}
    Session Attrs = {}

Handler:
             Type = com.hackerrank.weather.controller.WeatherApiRestController
           Method = com.hackerrank.weather.controller.WeatherApiRestController#insertWeather(Weather)

Async:
    Async started = false
     Async result = null

Resolved Exception:
             Type = null

ModelAndView:
        View name = null
             View = null
            Model = null

FlashMap:
       Attributes = null

MockHttpServletResponse:
           Status = 201
    Error message = null
          Headers = [Content-Type:"application/json"]
     Content type = application/json
             Body = {"id":4,"date":"2019-03-12T00:00:00.000+0000","lat":55.7512,"lon":37.6184,"city":"Moscow","state":"N/A","temperatures":[-2.0,-4.5,1.0,-6.0,1.0,1.5,-9.0,-2.5,-3.0,-0.5,-13.5,-9.0,-11.5,-5.5,-5.5,-3.5,-14.0,-9.5,1.5,-15.0,-6.5,-7.0,-13.5,-14.5]}
    Forwarded URL = null
   Redirected URL = null
          Cookies = []

MockHttpServletRequest:
      HTTP Method = POST
      Request URI = /weather
       Parameters = {}
          Headers = [Content-Type:"application/json;charset=UTF-8"]
             Body = {"id":null,"date":"2019-03-12","lat":55.7512,"lon":37.6184,"city":"Moscow","state":"N/A","temperatures":[-2.0,-4.5,1.0,-6.0,1.0,1.5,-9.0,-2.5,-3.0,-0.5,-13.5,-9.0,-11.5,-5.5,-5.5,-3.5,-14.0,-9.5,1.5,-15.0,-6.5,-7.0,-13.5,-14.5]}
    Session Attrs = {}

Handler:
             Type = com.hackerrank.weather.controller.WeatherApiRestController
           Method = com.hackerrank.weather.controller.WeatherApiRestController#insertWeather(Weather)

Async:
    Async started = false
     Async result = null

Resolved Exception:
             Type = null

ModelAndView:
        View name = null
             View = null
            Model = null

FlashMap:
       Attributes = null

MockHttpServletResponse:
           Status = 201
    Error message = null
          Headers = [Content-Type:"application/json"]
     Content type = application/json
             Body = {"id":5,"date":"2019-03-12T00:00:00.000+0000","lat":55.7512,"lon":37.6184,"city":"Moscow","state":"N/A","temperatures":[-2.0,-4.5,1.0,-6.0,1.0,1.5,-9.0,-2.5,-3.0,-0.5,-13.5,-9.0,-11.5,-5.5,-5.5,-3.5,-14.0,-9.5,1.5,-15.0,-6.5,-7.0,-13.5,-14.5]}
    Forwarded URL = null
   Redirected URL = null
          Cookies = []

MockHttpServletRequest:
      HTTP Method = GET
      Request URI = /weather
       Parameters = {city=[moscow]}
          Headers = []
             Body = null
    Session Attrs = {}

Handler:
             Type = com.hackerrank.weather.controller.WeatherApiRestController
           Method = com.hackerrank.weather.controller.WeatherApiRestController#test(Optional, Optional, Optional)

Async:
    Async started = false
     Async result = null

Resolved Exception:
             Type = null

ModelAndView:
        View name = null
             View = null
            Model = null

FlashMap:
       Attributes = null

MockHttpServletResponse:
           Status = 200
    Error message = null
          Headers = [Content-Type:"application/json"]
     Content type = application/json
             Body = []
    Forwarded URL = null
   Redirected URL = null
          Cookies = []

MockHttpServletRequest:
      HTTP Method = POST
      Request URI = /weather
       Parameters = {}
          Headers = [Content-Type:"application/json;charset=UTF-8"]
             Body = {"id":null,"date":"2019-06-11","lat":41.8818,"lon":-87.6231,"city":"Chicago","state":"Illinois","temperatures":[24.0,21.5,24.0,19.5,25.5,25.5,24.0,25.0,23.0,22.0,18.0,18.0,23.5,23.0,23.0,25.5,21.0,20.5,20.0,18.5,20.5,21.0,25.0,20.5]}
    Session Attrs = {}

Handler:
             Type = com.hackerrank.weather.controller.WeatherApiRestController
           Method = com.hackerrank.weather.controller.WeatherApiRestController#insertWeather(Weather)

Async:
    Async started = false
     Async result = null

Resolved Exception:
             Type = null

ModelAndView:
        View name = null
             View = null
            Model = null

FlashMap:
       Attributes = null

MockHttpServletResponse:
           Status = 201
    Error message = null
          Headers = [Content-Type:"application/json"]
     Content type = application/json
             Body = {"id":1,"date":"2019-06-11T00:00:00.000+0000","lat":41.8818,"lon":-87.6231,"city":"Chicago","state":"Illinois","temperatures":[24.0,21.5,24.0,19.5,25.5,25.5,24.0,25.0,23.0,22.0,18.0,18.0,23.5,23.0,23.0,25.5,21.0,20.5,20.0,18.5,20.5,21.0,25.0,20.5]}
    Forwarded URL = null
   Redirected URL = null
          Cookies = []

MockHttpServletRequest:
      HTTP Method = POST
      Request URI = /weather
       Parameters = {}
          Headers = [Content-Type:"application/json;charset=UTF-8"]
             Body = {"id":null,"date":"2019-06-12","lat":37.8043,"lon":-122.2711,"city":"Oakland","state":"California","temperatures":[24.0,36.0,28.5,29.0,32.0,36.0,28.5,34.5,30.5,31.5,29.5,27.0,30.5,23.5,29.0,22.0,28.5,32.5,24.5,28.5,22.5,35.0,26.5,32.5]}
    Session Attrs = {}

Handler:
             Type = com.hackerrank.weather.controller.WeatherApiRestController
           Method = com.hackerrank.weather.controller.WeatherApiRestController#insertWeather(Weather)

Async:
    Async started = false
     Async result = null

Resolved Exception:
             Type = null

ModelAndView:
        View name = null
             View = null
            Model = null

FlashMap:
       Attributes = null

MockHttpServletResponse:
           Status = 201
    Error message = null
          Headers = [Content-Type:"application/json"]
     Content type = application/json
             Body = {"id":2,"date":"2019-06-12T00:00:00.000+0000","lat":37.8043,"lon":-122.2711,"city":"Oakland","state":"California","temperatures":[24.0,36.0,28.5,29.0,32.0,36.0,28.5,34.5,30.5,31.5,29.5,27.0,30.5,23.5,29.0,22.0,28.5,32.5,24.5,28.5,22.5,35.0,26.5,32.5]}
    Forwarded URL = null
   Redirected URL = null
          Cookies = []

MockHttpServletRequest:
      HTTP Method = POST
      Request URI = /weather
       Parameters = {}
          Headers = [Content-Type:"application/json;charset=UTF-8"]
             Body = {"id":null,"date":"2019-03-12","lat":51.5098,"lon":-0.118,"city":"London","state":"N/A","temperatures":[11.0,11.0,5.5,7.0,5.0,5.5,6.0,9.5,11.5,5.0,6.0,8.0,9.5,5.0,9.0,9.5,12.0,6.0,9.5,8.5,8.0,8.0,9.0,6.5]}
    Session Attrs = {}

Handler:
             Type = com.hackerrank.weather.controller.WeatherApiRestController
           Method = com.hackerrank.weather.controller.WeatherApiRestController#insertWeather(Weather)

Async:
    Async started = false
     Async result = null

Resolved Exception:
             Type = null

ModelAndView:
        View name = null
             View = null
            Model = null

FlashMap:
       Attributes = null

MockHttpServletResponse:
           Status = 201
    Error message = null
          Headers = [Content-Type:"application/json"]
     Content type = application/json
             Body = {"id":3,"date":"2019-03-12T00:00:00.000+0000","lat":51.5098,"lon":-0.118,"city":"London","state":"N/A","temperatures":[11.0,11.0,5.5,7.0,5.0,5.5,6.0,9.5,11.5,5.0,6.0,8.0,9.5,5.0,9.0,9.5,12.0,6.0,9.5,8.5,8.0,8.0,9.0,6.5]}
    Forwarded URL = null
   Redirected URL = null
          Cookies = []

MockHttpServletRequest:
      HTTP Method = POST
      Request URI = /weather
       Parameters = {}
          Headers = [Content-Type:"application/json;charset=UTF-8"]
             Body = {"id":null,"date":"2019-03-12","lat":55.7512,"lon":37.6184,"city":"Moscow","state":"N/A","temperatures":[-2.0,-4.5,1.0,-6.0,1.0,1.5,-9.0,-2.5,-3.0,-0.5,-13.5,-9.0,-11.5,-5.5,-5.5,-3.5,-14.0,-9.5,1.5,-15.0,-6.5,-7.0,-13.5,-14.5]}
    Session Attrs = {}

Handler:
             Type = com.hackerrank.weather.controller.WeatherApiRestController
           Method = com.hackerrank.weather.controller.WeatherApiRestController#insertWeather(Weather)

Async:
    Async started = false
     Async result = null

Resolved Exception:
             Type = null

ModelAndView:
        View name = null
             View = null
            Model = null

FlashMap:
       Attributes = null

MockHttpServletResponse:
           Status = 201
    Error message = null
          Headers = [Content-Type:"application/json"]
     Content type = application/json
             Body = {"id":4,"date":"2019-03-12T00:00:00.000+0000","lat":55.7512,"lon":37.6184,"city":"Moscow","state":"N/A","temperatures":[-2.0,-4.5,1.0,-6.0,1.0,1.5,-9.0,-2.5,-3.0,-0.5,-13.5,-9.0,-11.5,-5.5,-5.5,-3.5,-14.0,-9.5,1.5,-15.0,-6.5,-7.0,-13.5,-14.5]}
    Forwarded URL = null
   Redirected URL = null
          Cookies = []

MockHttpServletRequest:
      HTTP Method = POST
      Request URI = /weather
       Parameters = {}
          Headers = [Content-Type:"application/json;charset=UTF-8"]
             Body = {"id":null,"date":"2019-03-12","lat":55.7512,"lon":37.6184,"city":"Moscow","state":"N/A","temperatures":[-2.0,-4.5,1.0,-6.0,1.0,1.5,-9.0,-2.5,-3.0,-0.5,-13.5,-9.0,-11.5,-5.5,-5.5,-3.5,-14.0,-9.5,1.5,-15.0,-6.5,-7.0,-13.5,-14.5]}
    Session Attrs = {}

Handler:
             Type = com.hackerrank.weather.controller.WeatherApiRestController
           Method = com.hackerrank.weather.controller.WeatherApiRestController#insertWeather(Weather)

Async:
    Async started = false
     Async result = null

Resolved Exception:
             Type = null

ModelAndView:
        View name = null
             View = null
            Model = null

FlashMap:
       Attributes = null

MockHttpServletResponse:
           Status = 201
    Error message = null
          Headers = [Content-Type:"application/json"]
     Content type = application/json
             Body = {"id":5,"date":"2019-03-12T00:00:00.000+0000","lat":55.7512,"lon":37.6184,"city":"Moscow","state":"N/A","temperatures":[-2.0,-4.5,1.0,-6.0,1.0,1.5,-9.0,-2.5,-3.0,-0.5,-13.5,-9.0,-11.5,-5.5,-5.5,-3.5,-14.0,-9.5,1.5,-15.0,-6.5,-7.0,-13.5,-14.5]}
    Forwarded URL = null
   Redirected URL = null
          Cookies = []

MockHttpServletRequest:
      HTTP Method = GET
      Request URI = /weather
       Parameters = {city=[moscow]}
          Headers = []
             Body = null
    Session Attrs = {}

Handler:
             Type = com.hackerrank.weather.controller.WeatherApiRestController
           Method = com.hackerrank.weather.controller.WeatherApiRestController#test(Optional, Optional, Optional)

Async:
    Async started = false
     Async result = null

Resolved Exception:
             Type = null

ModelAndView:
        View name = null
             View = null
            Model = null

FlashMap:
       Attributes = null

MockHttpServletResponse:
           Status = 200
    Error message = null
          Headers = [Content-Type:"application/json"]
     Content type = application/json
             Body = []
    Forwarded URL = null
   Redirected URL = null
          Cookies = []
]]></system-out>
  </testcase>
  <testcase name="testWeatherEndpointWithGETListAndDateFilter" classname="com.hackerrank.weather.WeatherApiRestControllerTest" time="0.678"/>
  <testcase name="testWeatherEndpointWithGETById" classname="com.hackerrank.weather.WeatherApiRestControllerTest" time="0.567"/>
  <testcase name="testWeatherEndpointWithGETList" classname="com.hackerrank.weather.WeatherApiRestControllerTest" time="0.587"/>
  <testcase name="testWeatherEndpointWithGETListAndDateOrder" classname="com.hackerrank.weather.WeatherApiRestControllerTest" time="0.624"/>
</testsuite>